AB-Anleitung Projektraum Bermuda
BB-Baustellenbesprechungen
BE-Baubeschreibung
BG-Baugenehmigung
BL-Beteiligtenliste
BN-Brandschutznachweis
BO-Bodengutachten
BS-Brandschutzgutachten
BV-Bestandsvermessung
CL-Datenblätter Fa. Climalux
EB-EnEV-Berechnung
FK-Farbkonzept
JF-Planer-Jour-Fixe
LG-Lüftungsgutachten
MA-Datenblätter Fa. Mannelli
NH-Berechnungen HLS
NU-Jour-Fixe
ON-Bestandspläne Onischke
PB-Festlegung Planbezeichnung
PL-Planlisten
PS-Projektbesprechungen
SS-Schallschutzgutachten
ST-Statik
TE-Terminplan
TÜ-Türliste
VE-Vermessung
XO-Sonstiges
